Base path: 'E:/Unity/2019.4.25f1/Editor/Data', plugins path 'E:/Unity/2019.4.25f1/Editor/Data/PlaybackEngines'
Cmd: initializeCompiler
Cmd: compileComputeKernel
  api=4 insize=958 outsize=1528 ok=1
Cmd: compileComputeKernel
  api=4 insize=759 outsize=695 ok=1
Cmd: compileComputeKernel
  api=4 insize=759 outsize=872 ok=1
Cmd: compileComputeKernel
  api=4 insize=3405 outsize=30674 ok=1
Cmd: compileComputeKernel
  api=4 insize=13751 outsize=1027 ok=1
Cmd: compileComputeKernel
  api=4 insize=13751 outsize=2218 ok=1
Cmd: compileComputeKernel
  api=4 insize=80473 outsize=1686 ok=1
Cmd: compileComputeKernel
  api=4 insize=80473 outsize=2631 ok=1
Cmd: compileComputeKernel
  api=4 insize=80473 outsize=1489 ok=1
Cmd: compileComputeKernel
  api=4 insize=80473 outsize=1335 ok=1
Cmd: compileComputeKernel
  api=4 insize=80473 outsize=3412 ok=1
Cmd: compileComputeKernel
  api=4 insize=80473 outsize=1894 ok=1
Cmd: compileComputeKernel
  api=4 insize=80473 outsize=3635 ok=1
Cmd: compileComputeKernel
  api=4 insize=80473 outsize=3716 ok=1
Cmd: compileComputeKernel
  api=4 insize=80473 outsize=3375 ok=1
Cmd: compileComputeKernel
  api=4 insize=80473 outsize=5039 ok=1
Cmd: compileComputeKernel
  api=4 insize=80473 outsize=5218 ok=1
Cmd: compileComputeKernel
  api=4 insize=80473 outsize=3429 ok=1
Cmd: compileComputeKernel
  api=4 insize=80473 outsize=1750 ok=1
Cmd: compileComputeKernel
  api=4 insize=467 outsize=3291 ok=1
Cmd: compileComputeKernel
  api=4 insize=4703 outsize=3429 ok=1
Cmd: compileComputeKernel
  api=4 insize=75201 outsize=5015 ok=1
Cmd: compileComputeKernel
  api=4 insize=13363 outsize=10970 ok=1
Cmd: compileComputeKernel
  api=4 insize=958 outsize=1465 ok=1
Cmd: compileComputeKernel
  api=4 insize=10470 outsize=1157 ok=1
Cmd: compileComputeKernel
  api=4 insize=10470 outsize=831 ok=1
Cmd: compileComputeKernel
  api=4 insize=10470 outsize=1710 ok=1
Cmd: compileComputeKernel
  api=4 insize=10470 outsize=709 ok=1
Cmd: compileComputeKernel
  api=4 insize=10470 outsize=1524 ok=1
Cmd: compileComputeKernel
  api=4 insize=10470 outsize=1340 ok=1
Cmd: compileComputeKernel
  api=4 insize=10470 outsize=1311 ok=1
Cmd: compileComputeKernel
  api=4 insize=10470 outsize=1387 ok=1
Cmd: compileComputeKernel
  api=4 insize=10470 outsize=1378 ok=1
Cmd: compileComputeKernel
  api=4 insize=10470 outsize=1224 ok=1
Cmd: compileComputeKernel
  api=4 insize=4442 outsize=1590 ok=1
Cmd: compileSnippet
  api=4 type=1 insize=11846 outsize=5706 kw=SHADOWS_SPLIT_SPHERES pd=UNITY_ENABLE_REFLECTION_BUFFERS UNITY_USE_DITHER_MASK_FOR_ALPHABLENDED_SHADOWS UNITY_PBS_USE_BRDF1 UNITY_SPECCUBE_BOX_PROJECTION UNITY_SPECCUBE_BLENDING UNITY_ENABLE_DETAIL_NORMALMAP SHADER_API_DESKTOP UNITY_COLORSPACE_GAMMA UNITY_LIGHT_PROBE_PROXY_VOLUME UNITY_LIGHTMAP_FULL_HDR ok=1
Cmd: compileSnippet
  api=4 type=0 insize=934 outsize=818 kw= pd=UNITY_ENABLE_REFLECTION_BUFFERS UNITY_USE_DITHER_MASK_FOR_ALPHABLENDED_SHADOWS UNITY_PBS_USE_BRDF1 UNITY_SPECCUBE_BOX_PROJECTION UNITY_SPECCUBE_BLENDING UNITY_ENABLE_DETAIL_NORMALMAP SHADER_API_DESKTOP UNITY_COLORSPACE_GAMMA UNITY_LIGHT_PROBE_PROXY_VOLUME UNITY_LIGHTMAP_FULL_HDR ok=1
Cmd: compileSnippet
  api=4 type=1 insize=1602 outsize=7294 kw=UNITY_PASS_FORWARDBASE DIRECTIONAL SHADOWS_SCREEN LIGHTPROBE_SH _EMISSION pd=UNITY_ENABLE_REFLECTION_BUFFERS UNITY_USE_DITHER_MASK_FOR_ALPHABLENDED_SHADOWS UNITY_PBS_USE_BRDF1 UNITY_SPECCUBE_BOX_PROJECTION UNITY_SPECCUBE_BLENDING UNITY_ENABLE_DETAIL_NORMALMAP SHADER_API_DESKTOP UNITY_COLORSPACE_GAMMA UNITY_LIGHT_PROBE_PROXY_VOLUME UNITY_LIGHTMAP_FULL_HDR ok=1
Cmd: shutdown
