Base path: 'E:/Unity/2019.4.25f1/Editor/Data', plugins path 'E:/Unity/2019.4.25f1/Editor/Data/PlaybackEngines'
Cmd: initializeCompiler
Cmd: compileComputeKernel
  api=4 insize=958 outsize=1499 ok=1
Cmd: compileComputeKernel
  api=4 insize=759 outsize=777 ok=1
Cmd: compileComputeKernel
  api=4 insize=3405 outsize=3725 ok=1
Cmd: compileComputeKernel
  api=4 insize=13751 outsize=1579 ok=1
Cmd: compileComputeKernel
  api=4 insize=80473 outsize=1579 ok=1
Cmd: compileComputeKernel
  api=4 insize=80473 outsize=5708 ok=1
Cmd: compileComputeKernel
  api=4 insize=80473 outsize=3685 ok=1
Cmd: compileComputeKernel
  api=4 insize=80473 outsize=3373 ok=1
Cmd: compileComputeKernel
  api=4 insize=80473 outsize=3553 ok=1
Cmd: compileComputeKernel
  api=4 insize=80473 outsize=3865 ok=1
Cmd: compileComputeKernel
  api=4 insize=80473 outsize=3375 ok=1
Cmd: compileComputeKernel
  api=4 insize=80473 outsize=5043 ok=1
Cmd: compileComputeKernel
  api=4 insize=80473 outsize=5071 ok=1
Cmd: compileComputeKernel
  api=4 insize=80473 outsize=3414 ok=1
Cmd: compileComputeKernel
  api=4 insize=80473 outsize=3370 ok=1
Cmd: compileComputeKernel
  api=4 insize=80473 outsize=923 ok=1
Cmd: compileComputeKernel
  api=4 insize=467 outsize=3276 ok=1
Cmd: compileComputeKernel
  api=4 insize=4703 outsize=3429 ok=1
Cmd: compileComputeKernel
  api=4 insize=75201 outsize=5651 ok=1
Cmd: compileComputeKernel
  api=4 insize=13363 outsize=3719 ok=1
Cmd: compileComputeKernel
  api=4 insize=958 outsize=1465 ok=1
Cmd: compileComputeKernel
  api=4 insize=776 outsize=6364 ok=1
Cmd: compileComputeKernel
  api=4 insize=10470 outsize=772 ok=1
Cmd: compileComputeKernel
  api=4 insize=10470 outsize=700 ok=1
Cmd: compileComputeKernel
  api=4 insize=10470 outsize=1218 ok=1
Cmd: compileComputeKernel
  api=4 insize=10470 outsize=786 ok=1
Cmd: compileComputeKernel
  api=4 insize=10470 outsize=1137 ok=1
Cmd: compileComputeKernel
  api=4 insize=10470 outsize=1306 ok=1
Cmd: compileComputeKernel
  api=4 insize=10470 outsize=1359 ok=1
Cmd: compileComputeKernel
  api=4 insize=10470 outsize=1830 ok=1
Cmd: compileComputeKernel
  api=4 insize=10470 outsize=1565 ok=1
Cmd: compileComputeKernel
  api=4 insize=10470 outsize=1264 ok=1
Cmd: compileComputeKernel
  api=4 insize=10470 outsize=1319 ok=1
Cmd: compileSnippet
  api=4 type=1 insize=1402 outsize=446 kw=UNITY_PASS_FORWARDBASE SOFTPARTICLES_ON _ALPHABLEND_ON pd=UNITY_ENABLE_REFLECTION_BUFFERS UNITY_USE_DITHER_MASK_FOR_ALPHABLENDED_SHADOWS UNITY_PBS_USE_BRDF1 UNITY_SPECCUBE_BOX_PROJECTION UNITY_SPECCUBE_BLENDING UNITY_ENABLE_DETAIL_NORMALMAP SHADER_API_DESKTOP UNITY_COLORSPACE_GAMMA UNITY_LIGHT_PROBE_PROXY_VOLUME UNITY_LIGHTMAP_FULL_HDR ok=1
Cmd: shutdown

Quitting shader compiler process
