Base path: 'E:/Unity/2019.4.25f1/Editor/Data', plugins path 'E:/Unity/2019.4.25f1/Editor/Data/PlaybackEngines'
Cmd: initializeCompiler
Cmd: compileComputeKernel
  api=4 insize=958 outsize=1495 ok=1
Cmd: compileComputeKernel
  api=4 insize=759 outsize=777 ok=1
Cmd: compileComputeKernel
  api=4 insize=3405 outsize=22258 ok=1
Cmd: compileComputeKernel
  api=4 insize=13751 outsize=1848 ok=1
Cmd: compileComputeKernel
  api=4 insize=80473 outsize=2187 ok=1
Cmd: compileComputeKernel
  api=4 insize=80473 outsize=2634 ok=1
Cmd: compileComputeKernel
  api=4 insize=80473 outsize=2261 ok=1
Cmd: compileComputeKernel
  api=4 insize=80473 outsize=4086 ok=1
Cmd: compileComputeKernel
  api=4 insize=80473 outsize=1894 ok=1
Cmd: compileComputeKernel
  api=4 insize=80473 outsize=3635 ok=1
Cmd: compileComputeKernel
  api=4 insize=80473 outsize=3684 ok=1
Cmd: compileComputeKernel
  api=4 insize=80473 outsize=3407 ok=1
Cmd: compileComputeKernel
  api=4 insize=80473 outsize=5039 ok=1
Cmd: compileComputeKernel
  api=4 insize=80473 outsize=5069 ok=1
Cmd: compileComputeKernel
  api=4 insize=80473 outsize=3554 ok=1
Cmd: compileComputeKernel
  api=4 insize=80473 outsize=1680 ok=1
Cmd: compileComputeKernel
  api=4 insize=467 outsize=5893 ok=1
Cmd: compileComputeKernel
  api=4 insize=4703 outsize=3309 ok=1
Cmd: compileComputeKernel
  api=4 insize=4231 outsize=3544 ok=1
Cmd: compileComputeKernel
  api=4 insize=467 outsize=3087 ok=1
Cmd: compileComputeKernel
  api=4 insize=958 outsize=1499 ok=1
Cmd: compileComputeKernel
  api=4 insize=10470 outsize=770 ok=1
Cmd: compileComputeKernel
  api=4 insize=10470 outsize=677 ok=1
Cmd: compileComputeKernel
  api=4 insize=10470 outsize=1113 ok=1
Cmd: compileComputeKernel
  api=4 insize=10470 outsize=772 ok=1
Cmd: compileComputeKernel
  api=4 insize=10470 outsize=1796 ok=1
Cmd: compileComputeKernel
  api=4 insize=10470 outsize=1363 ok=1
Cmd: compileComputeKernel
  api=4 insize=10470 outsize=1248 ok=1
Cmd: compileComputeKernel
  api=4 insize=10470 outsize=1306 ok=1
Cmd: compileComputeKernel
  api=4 insize=10470 outsize=1334 ok=1
Cmd: compileComputeKernel
  api=4 insize=10470 outsize=1338 ok=1
Cmd: compileComputeKernel
  api=4 insize=10470 outsize=1384 ok=1
Cmd: compileComputeKernel
  api=4 insize=4442 outsize=1449 ok=1
Cmd: compileSnippet
  api=4 type=1 insize=17531 outsize=3022 kw=UNITY_PASS_FORWARDBASE DIRECTIONAL SHADOWS_SCREEN LIGHTPROBE_SH pd=UNITY_ENABLE_REFLECTION_BUFFERS UNITY_USE_DITHER_MASK_FOR_ALPHABLENDED_SHADOWS UNITY_PBS_USE_BRDF1 UNITY_SPECCUBE_BOX_PROJECTION UNITY_SPECCUBE_BLENDING UNITY_ENABLE_DETAIL_NORMALMAP SHADER_API_DESKTOP UNITY_COLORSPACE_GAMMA UNITY_LIGHT_PROBE_PROXY_VOLUME UNITY_LIGHTMAP_FULL_HDR ok=1
Cmd: compileSnippet
  api=4 type=0 insize=1152 outsize=1630 kw=UNITY_PASS_SHADOWCASTER SHADOWS_DEPTH _ALPHABLEND_ON pd=UNITY_ENABLE_REFLECTION_BUFFERS UNITY_USE_DITHER_MASK_FOR_ALPHABLENDED_SHADOWS UNITY_PBS_USE_BRDF1 UNITY_SPECCUBE_BOX_PROJECTION UNITY_SPECCUBE_BLENDING UNITY_ENABLE_DETAIL_NORMALMAP SHADER_API_DESKTOP UNITY_COLORSPACE_GAMMA UNITY_LIGHT_PROBE_PROXY_VOLUME UNITY_LIGHTMAP_FULL_HDR ok=1
Cmd: shutdown
