Base path: 'E:/Unity/2019.4.25f1/Editor/Data', plugins path 'E:/Unity/2019.4.25f1/Editor/Data/PlaybackEngines'
Cmd: initializeCompiler
Cmd: compileComputeKernel
  api=4 insize=958 outsize=1611 ok=1
Cmd: compileComputeKernel
  api=4 insize=759 outsize=753 ok=1
Cmd: compileComputeKernel
  api=4 insize=759 outsize=1134 ok=1
Cmd: compileComputeKernel
  api=4 insize=3405 outsize=27245 ok=1
Cmd: compileComputeKernel
  api=4 insize=13751 outsize=1558 ok=1
Cmd: compileComputeKernel
  api=4 insize=80473 outsize=2795 ok=1
Cmd: compileComputeKernel
  api=4 insize=80473 outsize=1634 ok=1
Cmd: compileComputeKernel
  api=4 insize=80473 outsize=1689 ok=1
Cmd: compileComputeKernel
  api=4 insize=80473 outsize=3271 ok=1
Cmd: compileComputeKernel
  api=4 insize=80473 outsize=3398 ok=1
Cmd: compileComputeKernel
  api=4 insize=80473 outsize=4872 ok=1
Cmd: compileComputeKernel
  api=4 insize=80473 outsize=3916 ok=1
Cmd: compileComputeKernel
  api=4 insize=80473 outsize=3576 ok=1
Cmd: compileComputeKernel
  api=4 insize=80473 outsize=5039 ok=1
Cmd: compileComputeKernel
  api=4 insize=80473 outsize=5068 ok=1
Cmd: compileComputeKernel
  api=4 insize=80473 outsize=3574 ok=1
Cmd: compileComputeKernel
  api=4 insize=80473 outsize=1750 ok=1
Cmd: compileComputeKernel
  api=4 insize=80473 outsize=4571 ok=1
Cmd: compileComputeKernel
  api=4 insize=4703 outsize=3429 ok=1
Cmd: compileComputeKernel
  api=4 insize=75201 outsize=1071 ok=1
Cmd: compileComputeKernel
  api=4 insize=467 outsize=2233 ok=1
Cmd: compileComputeKernel
  api=4 insize=958 outsize=1616 ok=1
Cmd: compileComputeKernel
  api=4 insize=10470 outsize=623 ok=1
Cmd: compileComputeKernel
  api=4 insize=10470 outsize=855 ok=1
Cmd: compileComputeKernel
  api=4 insize=10470 outsize=811 ok=1
Cmd: compileComputeKernel
  api=4 insize=10470 outsize=791 ok=1
Cmd: compileComputeKernel
  api=4 insize=10470 outsize=693 ok=1
Cmd: compileComputeKernel
  api=4 insize=10470 outsize=1484 ok=1
Cmd: compileComputeKernel
  api=4 insize=10470 outsize=1300 ok=1
Cmd: compileComputeKernel
  api=4 insize=10470 outsize=1288 ok=1
Cmd: compileComputeKernel
  api=4 insize=10470 outsize=1573 ok=1
Cmd: compileComputeKernel
  api=4 insize=10470 outsize=1828 ok=1
Cmd: compileComputeKernel
  api=4 insize=10470 outsize=1321 ok=1
Cmd: compileSnippet
  api=4 type=0 insize=1302 outsize=1414 kw=UNITY_PASS_SHADOWCASTER SHADOWS_DEPTH pd=UNITY_ENABLE_REFLECTION_BUFFERS UNITY_USE_DITHER_MASK_FOR_ALPHABLENDED_SHADOWS UNITY_PBS_USE_BRDF1 UNITY_SPECCUBE_BOX_PROJECTION UNITY_SPECCUBE_BLENDING UNITY_ENABLE_DETAIL_NORMALMAP SHADER_API_DESKTOP UNITY_COLORSPACE_GAMMA UNITY_LIGHT_PROBE_PROXY_VOLUME UNITY_LIGHTMAP_FULL_HDR ok=1
Cmd: shutdown
